[2020-01-26 11:10:12] 1: Uncaught Twig\Error\LoaderError: Unable to find template "errors/404.html" (looked into: /home/roger/projects/ChassisPHP-Skeleton/resources/views). in /home/roger/projects/ChassisPHP-Skeleton/vendor/twig/twig/src/Loader/FilesystemLoader.php:250
Stack trace:
#0 /home/roger/projects/ChassisPHP-Skeleton/vendor/twig/twig/src/Loader/FilesystemLoader.php(150): Twig\Loader\FilesystemLoader->findTemplate('errors/404.html')
#1 /home/roger/projects/ChassisPHP-Skeleton/vendor/twig/twig/src/Environment.php(299): Twig\Loader\FilesystemLoader->getCacheKey('errors/404.html')
#2 /home/roger/projects/ChassisPHP-Skeleton/vendor/twig/twig/src/Environment.php(381): Twig\Environment->getTemplateClass('errors/404.html')
#3 /home/roger/projects/ChassisPHP-Skeleton/vendor/twig/twig/src/Environment.php(359): Twig\Environment->loadTemplate('errors/404.html')
#4 /home/roger/projects/ChassisPHP-Skeleton/vendor/twig/twig/src/Environment.php(318): Twig\Environment->load('errors/404.html')
#5 /home/roger/projects/ChassisPHP-Skeleton/vendor in /home/roger/projects/ChassisPHP-Skeleton/vendor/twig/twig/src/Loader/FilesystemLoader.php:250
[2020-01-26 11:20:12] 1: Uncaught League\Container\Exception\NotFoundException: Alias (App\Http\Controllers\HomeController) is not being managed by the container or delegates in /home/roger/projects/ChassisPHP-Skeleton/vendor/league/container/src/Container.php:179
Stack trace:
#0 /home/roger/projects/ChassisPHP-Skeleton/vendor/rogercreasy/chassis-php/lib/Framework/Router.php(73): League\Container\Container->get('App\\Http\\Contro...')
#1 /home/roger/projects/ChassisPHP-Skeleton/vendor/rogercreasy/chassis-php/lib/Framework/Core.php(85): Lib\Framework\Router->dispatch(Object(Zend\Diactoros\ServerRequest), Object(Closure), Object(Lib\Framework\Container))
#2 /home/roger/projects/ChassisPHP-Skeleton/public/index.php(52): Lib\Framework\Core->run()
#3 {main}
  thrown in /home/roger/projects/ChassisPHP-Skeleton/vendor/league/container/src/Container.php:179
[2020-01-26 11:23:29] 1: Uncaught Error: Class 'ChassisPHP\Framework\Core' not found in /home/roger/projects/ChassisPHP-Skeleton/public/index.php:50
Stack trace:
#0 {main}
  thrown in /home/roger/projects/ChassisPHP-Skeleton/public/index.php:50
[2020-01-26 11:26:04] 1: Uncaught Error: Class 'ChassisPHP\Framework\Core' not found in /home/roger/projects/ChassisPHP-Skeleton/public/index.php:50
Stack trace:
#0 {main}
  thrown in /home/roger/projects/ChassisPHP-Skeleton/public/index.php:50
[2020-01-26 11:27:00] 1: Uncaught Error: Class 'ChassisPHP\Framework\Core' not found in /home/roger/projects/ChassisPHP-Skeleton/public/index.php:50
Stack trace:
#0 {main}
  thrown in /home/roger/projects/ChassisPHP-Skeleton/public/index.php:50
[2020-01-26 11:27:26] 1: Uncaught Error: Class 'ChassisPHP\Framework\Core' not found in /home/roger/projects/ChassisPHP-Skeleton/public/index.php:50
Stack trace:
#0 {main}
  thrown in /home/roger/projects/ChassisPHP-Skeleton/public/index.php:50
[2020-01-26 11:28:17] 1: Uncaught Error: Class 'ChassisPHP\Framework\Core' not found in /home/roger/projects/ChassisPHP-Skeleton/public/index.php:50
Stack trace:
#0 {main}
  thrown in /home/roger/projects/ChassisPHP-Skeleton/public/index.php:50
[2020-01-26 11:34:30] 1: Uncaught League\Container\Exception\NotFoundException: Alias (App\Http\Controllers\HomeController) is not being managed by the container or delegates in /home/roger/projects/ChassisPHP-Skeleton/vendor/league/container/src/Container.php:179
Stack trace:
#0 /home/roger/projects/ChassisPHP-Skeleton/vendor/rogercreasy/chassis-php/lib/Framework/Router.php(73): League\Container\Container->get('App\\Http\\Contro...')
#1 /home/roger/projects/ChassisPHP-Skeleton/vendor/rogercreasy/chassis-php/lib/Framework/Core.php(85): Lib\Framework\Router->dispatch(Object(Zend\Diactoros\ServerRequest), Object(Closure), Object(Lib\Framework\Container))
#2 /home/roger/projects/ChassisPHP-Skeleton/public/index.php(52): Lib\Framework\Core->run()
#3 {main}
  thrown in /home/roger/projects/ChassisPHP-Skeleton/vendor/league/container/src/Container.php:179
[2020-01-26 11:42:01] 1: Uncaught Error: Class 'ChassisPHP\Framework\Core' not found in /home/roger/projects/ChassisPHP-Skeleton/public/index.php:52
Stack trace:
#0 {main}
  thrown in /home/roger/projects/ChassisPHP-Skeleton/public/index.php:52
[2020-01-26 12:07:16] 1: Uncaught Error: Class 'ChassisPHP\Framework\Container' not found in /home/roger/projects/ChassisPHP/src/Framework/Core.php:24
Stack trace:
#0 /home/roger/projects/ChassisPHP-Skeleton/public/index.php(52): ChassisPHP\Framework\Core->__construct()
#1 {main}
  thrown in /home/roger/projects/ChassisPHP/src/Framework/Core.php:24
[2020-01-26 12:15:56] 1: Uncaught Error: Class 'ChassisPHP\Framework\Http\MiddlewareQueue' not found in /home/roger/projects/ChassisPHP/src/Framework/Container.php:41
Stack trace:
#0 /home/roger/projects/ChassisPHP/src/Framework/Core.php(24): ChassisPHP\Framework\Container->__construct()
#1 /home/roger/projects/ChassisPHP-Skeleton/public/index.php(52): ChassisPHP\Framework\Core->__construct()
#2 {main}
  thrown in /home/roger/projects/ChassisPHP/src/Framework/Container.php:41
[2020-01-26 12:17:56] 1: Uncaught Error: Class 'ChassisPHP\Framework\Router' not found in /home/roger/projects/ChassisPHP/src/Framework/Container.php:51
Stack trace:
#0 [internal function]: ChassisPHP\Framework\Container->ChassisPHP\Framework\{closure}()
#1 /home/roger/projects/ChassisPHP-Skeleton/vendor/league/container/src/Definition/Definition.php(233): call_user_func_array(Object(Closure), Array)
#2 /home/roger/projects/ChassisPHP-Skeleton/vendor/league/container/src/Definition/Definition.php(196): League\Container\Definition\Definition->resolveCallable(Object(Closure))
#3 /home/roger/projects/ChassisPHP-Skeleton/vendor/league/container/src/Definition/DefinitionAggregate.php(94): League\Container\Definition\Definition->resolve(false)
#4 /home/roger/projects/ChassisPHP-Skeleton/vendor/league/container/src/Container.php(153): League\Container\Definition\DefinitionAggregate->resolve('Router', false)
#5 /home/roger/projects/ChassisPHP/src/Framework/Core.php(28): League\Container\Container->get('Router')
#6 /home/roger/projects/Chassi in /home/roger/projects/ChassisPHP/src/Framework/Container.php:51
[2020-01-26 12:20:52] 1: Uncaught Error: Class 'ChassisPHP\Framework\Services\LogManager' not found in /home/roger/projects/ChassisPHP/src/Framework/Container.php:76
Stack trace:
#0 [internal function]: ChassisPHP\Framework\Container->ChassisPHP\Framework\{closure}()
#1 /home/roger/projects/ChassisPHP-Skeleton/vendor/league/container/src/Definition/Definition.php(233): call_user_func_array(Object(Closure), Array)
#2 /home/roger/projects/ChassisPHP-Skeleton/vendor/league/container/src/Definition/Definition.php(196): League\Container\Definition\Definition->resolveCallable(Object(Closure))
#3 /home/roger/projects/ChassisPHP-Skeleton/vendor/league/container/src/Definition/DefinitionAggregate.php(94): League\Container\Definition\Definition->resolve(false)
#4 /home/roger/projects/ChassisPHP-Skeleton/vendor/league/container/src/Container.php(153): League\Container\Definition\DefinitionAggregate->resolve('Logger', false)
#5 /home/roger/projects/ChassisPHP/src/Framework/Core.php(29): League\Container\Container->get('Logger')
#6 /home/roger/pr in /home/roger/projects/ChassisPHP/src/Framework/Container.php:76
[2020-01-26 12:22:18] 1: Uncaught Error: Call to a member function index() on string in /home/roger/projects/ChassisPHP/src/Framework/Router.php:77
Stack trace:
#0 /home/roger/projects/ChassisPHP/src/Framework/Core.php(84): ChassisPHP\Framework\Router->dispatch(Object(Zend\Diactoros\ServerRequest), Object(Closure), Object(ChassisPHP\Framework\Container))
#1 /home/roger/projects/ChassisPHP-Skeleton/public/index.php(54): ChassisPHP\Framework\Core->run()
#2 {main}
  thrown in /home/roger/projects/ChassisPHP/src/Framework/Router.php:77
[2020-01-26 12:28:52] 1: Uncaught Error: Class 'Lib\Framework\Http\Controller' not found in /home/roger/projects/ChassisPHP-Skeleton/app/Http/Controllers/HomeController.php:8
Stack trace:
#0 /home/roger/projects/ChassisPHP-Skeleton/vendor/composer/ClassLoader.php(444): include()
#1 /home/roger/projects/ChassisPHP-Skeleton/vendor/composer/ClassLoader.php(322): Composer\Autoload\includeFile('/home/roger/pro...')
#2 [internal function]: Composer\Autoload\ClassLoader->loadClass('App\\Http\\Contro...')
#3 [internal function]: spl_autoload_call('App\\Http\\Contro...')
#4 /home/roger/projects/ChassisPHP-Skeleton/vendor/league/container/src/Definition/Definition.php(209): class_exists('App\\Http\\Contro...')
#5 /home/roger/projects/ChassisPHP-Skeleton/vendor/league/container/src/Definition/DefinitionAggregate.php(94): League\Container\Definition\Definition->resolve(false)
#6 /home/roger/projects/ChassisPHP-Skeleton/vendor/league/container/src/Container.php(153): League\Container\Definition\DefinitionAggregate->resolve('App\\Http\\Contro...', in /home/roger/projects/ChassisPHP-Skeleton/app/Http/Controllers/HomeController.php:8
[2020-01-26 12:30:06] 1: Uncaught Error: Class 'ChassisPHP\Framework\Http\Controller' not found in /home/roger/projects/ChassisPHP-Skeleton/app/Http/Controllers/HomeController.php:8
Stack trace:
#0 /home/roger/projects/ChassisPHP-Skeleton/vendor/composer/ClassLoader.php(444): include()
#1 /home/roger/projects/ChassisPHP-Skeleton/vendor/composer/ClassLoader.php(322): Composer\Autoload\includeFile('/home/roger/pro...')
#2 [internal function]: Composer\Autoload\ClassLoader->loadClass('App\\Http\\Contro...')
#3 [internal function]: spl_autoload_call('App\\Http\\Contro...')
#4 /home/roger/projects/ChassisPHP-Skeleton/vendor/league/container/src/Definition/Definition.php(209): class_exists('App\\Http\\Contro...')
#5 /home/roger/projects/ChassisPHP-Skeleton/vendor/league/container/src/Definition/DefinitionAggregate.php(94): League\Container\Definition\Definition->resolve(false)
#6 /home/roger/projects/ChassisPHP-Skeleton/vendor/league/container/src/Container.php(153): League\Container\Definition\DefinitionAggregate->resolve('App\\Http\\Cont in /home/roger/projects/ChassisPHP-Skeleton/app/Http/Controllers/HomeController.php:8
[2020-01-26 12:31:18] 1: Uncaught Error: Class '\ChassisPHP\Framework\Http\Middleware\ControllerMiddleware' not found in /home/roger/projects/ChassisPHP/src/Framework/Http/MiddlewareQueue.php:62
Stack trace:
#0 /home/roger/projects/ChassisPHP/src/Framework/Router.php(78): ChassisPHP\Framework\Http\MiddlewareQueue->addController('<!DOCTYPE html>...')
#1 /home/roger/projects/ChassisPHP/src/Framework/Core.php(84): ChassisPHP\Framework\Router->dispatch(Object(Zend\Diactoros\ServerRequest), Object(Closure), Object(ChassisPHP\Framework\Container))
#2 /home/roger/projects/ChassisPHP-Skeleton/public/index.php(54): ChassisPHP\Framework\Core->run()
#3 {main}
  thrown in /home/roger/projects/ChassisPHP/src/Framework/Http/MiddlewareQueue.php:62
[2020-01-26 12:32:55] 1: Uncaught Error: Class 'ChassisPHP\Framework\Session' not found in /home/roger/projects/ChassisPHP/src/Framework/Http/Middleware/SessionMiddleware.php:20
Stack trace:
#0 [internal function]: ChassisPHP\Framework\Http\Middleware\SessionMiddleware->__invoke(Object(Zend\Diactoros\ServerRequest), Object(Zend\Diactoros\Response), Object(Closure))
#1 /home/roger/projects/ChassisPHP/src/Framework/Http/MiddlewareQueue.php(96): call_user_func(Object(ChassisPHP\Framework\Http\Middleware\SessionMiddleware), Object(Zend\Diactoros\ServerRequest), Object(Zend\Diactoros\Response), Object(Closure))
#2 /home/roger/projects/ChassisPHP/src/Framework/Http/MiddlewareQueue.php(73): ChassisPHP\Framework\Http\MiddlewareQueue->ChassisPHP\Framework\Http\{closure}(Object(Zend\Diactoros\ServerRequest), Object(Zend\Diactoros\Response))
#3 /home/roger/projects/ChassisPHP/src/Framework/Router.php(91): ChassisPHP\Framework\Http\MiddlewareQueue->callMiddleware(Object(Zend\Diactoros\ServerRequest), Object(Zend\Diactoros\Response))
#4 /home/rog in /home/roger/projects/ChassisPHP/src/Framework/Http/Middleware/SessionMiddleware.php:20
[2020-01-26 12:33:50] 1: Uncaught Error: Class 'ChassisPHP\Framework\ResponseBody' not found in /home/roger/projects/ChassisPHP/src/Framework/Http/Middleware/ControllerMiddleware.php:29
Stack trace:
#0 [internal function]: ChassisPHP\Framework\Http\Middleware\ControllerMiddleware->__invoke(Object(Zend\Diactoros\ServerRequest), Object(Zend\Diactoros\Response), NULL)
#1 /home/roger/projects/ChassisPHP/src/Framework/Http/MiddlewareQueue.php(96): call_user_func(Object(ChassisPHP\Framework\Http\Middleware\ControllerMiddleware), Object(Zend\Diactoros\ServerRequest), Object(Zend\Diactoros\Response), NULL)
#2 /home/roger/projects/ChassisPHP/src/Framework/Http/Middleware/SessionMiddleware.php(28): ChassisPHP\Framework\Http\MiddlewareQueue->ChassisPHP\Framework\Http\{closure}(Object(Zend\Diactoros\ServerRequest), Object(Zend\Diactoros\Response))
#3 [internal function]: ChassisPHP\Framework\Http\Middleware\SessionMiddleware->__invoke(Object(Zend\Diactoros\ServerRequest), Object(Zend\Diactoros\Response), Object(Closure))
#4 /home/roger/projects/ in /home/roger/projects/ChassisPHP/src/Framework/Http/Middleware/ControllerMiddleware.php:29
[2020-01-26 12:35:54] 1: Uncaught Error: Class 'Lib\Framework\Http\Controller' not found in /home/roger/projects/ChassisPHP-Skeleton/app/Http/Controllers/Backend/ContentController.php:13
Stack trace:
#0 /home/roger/projects/ChassisPHP-Skeleton/vendor/composer/ClassLoader.php(444): include()
#1 /home/roger/projects/ChassisPHP-Skeleton/vendor/composer/ClassLoader.php(322): Composer\Autoload\includeFile('/home/roger/pro...')
#2 [internal function]: Composer\Autoload\ClassLoader->loadClass('App\\Http\\Contro...')
#3 [internal function]: spl_autoload_call('App\\Http\\Contro...')
#4 /home/roger/projects/ChassisPHP-Skeleton/vendor/league/container/src/Definition/Definition.php(209): class_exists('App\\Http\\Contro...')
#5 /home/roger/projects/ChassisPHP-Skeleton/vendor/league/container/src/Definition/DefinitionAggregate.php(94): League\Container\Definition\Definition->resolve(false)
#6 /home/roger/projects/ChassisPHP-Skeleton/vendor/league/container/src/Container.php(153): League\Container\Definition\DefinitionAggregate->resolve('App\\Http\ in /home/roger/projects/ChassisPHP-Skeleton/app/Http/Controllers/Backend/ContentController.php:13
[2020-01-26 12:47:34] 1: Uncaught Error: Class 'ChassisPHP\Database\Connection' not found in /home/roger/projects/ChassisPHP-Skeleton/app/Http/Controllers/Backend/ContentController.php:24
Stack trace:
#0 [internal function]: App\Http\Controllers\Backend\ContentController->__construct()
#1 /home/roger/projects/ChassisPHP-Skeleton/vendor/league/container/src/Definition/Definition.php(248): ReflectionClass->newInstanceArgs(Array)
#2 /home/roger/projects/ChassisPHP-Skeleton/vendor/league/container/src/Definition/Definition.php(210): League\Container\Definition\Definition->resolveClass('App\\Http\\Contro...')
#3 /home/roger/projects/ChassisPHP-Skeleton/vendor/league/container/src/Definition/DefinitionAggregate.php(94): League\Container\Definition\Definition->resolve(false)
#4 /home/roger/projects/ChassisPHP-Skeleton/vendor/league/container/src/Container.php(153): League\Container\Definition\DefinitionAggregate->resolve('App\\Http\\Contro...', false)
#5 /home/roger/projects/ChassisPHP-Skeleton/vendor/league/container/src/Container.php(169) in /home/roger/projects/ChassisPHP-Skeleton/app/Http/Controllers/Backend/ContentController.php:24
[2020-01-26 12:47:39] 1: Uncaught Error: Class 'ChassisPHP\Database\Connection' not found in /home/roger/projects/ChassisPHP-Skeleton/app/Http/Controllers/Backend/ContentController.php:24
Stack trace:
#0 [internal function]: App\Http\Controllers\Backend\ContentController->__construct()
#1 /home/roger/projects/ChassisPHP-Skeleton/vendor/league/container/src/Definition/Definition.php(248): ReflectionClass->newInstanceArgs(Array)
#2 /home/roger/projects/ChassisPHP-Skeleton/vendor/league/container/src/Definition/Definition.php(210): League\Container\Definition\Definition->resolveClass('App\\Http\\Contro...')
#3 /home/roger/projects/ChassisPHP-Skeleton/vendor/league/container/src/Definition/DefinitionAggregate.php(94): League\Container\Definition\Definition->resolve(false)
#4 /home/roger/projects/ChassisPHP-Skeleton/vendor/league/container/src/Container.php(153): League\Container\Definition\DefinitionAggregate->resolve('App\\Http\\Contro...', false)
#5 /home/roger/projects/ChassisPHP-Skeleton/vendor/league/container/src/Container.php(169) in /home/roger/projects/ChassisPHP-Skeleton/app/Http/Controllers/Backend/ContentController.php:24
[2020-01-26 12:49:14] 1: Uncaught Error: Class 'ChassisPHP\Connection' not found in /home/roger/projects/ChassisPHP-Skeleton/app/Http/Controllers/Backend/ContentController.php:24
Stack trace:
#0 [internal function]: App\Http\Controllers\Backend\ContentController->__construct()
#1 /home/roger/projects/ChassisPHP-Skeleton/vendor/league/container/src/Definition/Definition.php(248): ReflectionClass->newInstanceArgs(Array)
#2 /home/roger/projects/ChassisPHP-Skeleton/vendor/league/container/src/Definition/Definition.php(210): League\Container\Definition\Definition->resolveClass('App\\Http\\Contro...')
#3 /home/roger/projects/ChassisPHP-Skeleton/vendor/league/container/src/Definition/DefinitionAggregate.php(94): League\Container\Definition\Definition->resolve(false)
#4 /home/roger/projects/ChassisPHP-Skeleton/vendor/league/container/src/Container.php(153): League\Container\Definition\DefinitionAggregate->resolve('App\\Http\\Contro...', false)
#5 /home/roger/projects/ChassisPHP-Skeleton/vendor/league/container/src/Container.php(169): League\ in /home/roger/projects/ChassisPHP-Skeleton/app/Http/Controllers/Backend/ContentController.php:24
[2020-01-26 12:49:40] 1: Uncaught Doctrine\Persistence\Mapping\MappingException: Class 'Database\Entities\Content' does not exist in /home/roger/projects/ChassisPHP-Skeleton/vendor/doctrine/persistence/lib/Doctrine/Persistence/Mapping/MappingException.php:94
Stack trace:
#0 /home/roger/projects/ChassisPHP-Skeleton/vendor/doctrine/persistence/lib/Doctrine/Persistence/Mapping/RuntimeReflectionService.php(36): Doctrine\Persistence\Mapping\MappingException::nonExistingClass('Database\\Entiti...')
#1 /home/roger/projects/ChassisPHP-Skeleton/vendor/doctrine/persistence/lib/Doctrine/Persistence/Mapping/AbstractClassMetadataFactory.php(252): Doctrine\Persistence\Mapping\RuntimeReflectionService->getParentClasses('Database\\Entiti...')
#2 /home/roger/projects/ChassisPHP-Skeleton/vendor/doctrine/persistence/lib/Doctrine/Persistence/Mapping/AbstractClassMetadataFactory.php(285): Doctrine\Persistence\Mapping\AbstractClassMetadataFactory->getParentClasses('Database\\Entiti...')
#3 /home/roger/projects/ChassisPHP-Skeleton/vendor/doctrine/orm/lib/D in /home/roger/projects/ChassisPHP-Skeleton/vendor/doctrine/persistence/lib/Doctrine/Persistence/Mapping/MappingException.php:94
[2020-01-26 12:54:31] 1: Uncaught Error: Class 'Lib\Framework\Session' not found in /home/roger/projects/ChassisPHP/src/Framework/helpers.php:87
Stack trace:
#0 /home/roger/projects/ChassisPHP/src/Framework/Http/Middleware/AuthMiddleware.php(20): checkAuth()
#1 [internal function]: ChassisPHP\Framework\Http\Middleware\AuthMiddleware->__invoke(Object(Zend\Diactoros\ServerRequest), Object(Zend\Diactoros\Response), Object(Closure))
#2 /home/roger/projects/ChassisPHP/src/Framework/Http/MiddlewareQueue.php(96): call_user_func(Object(ChassisPHP\Framework\Http\Middleware\AuthMiddleware), Object(Zend\Diactoros\ServerRequest), Object(Zend\Diactoros\Response), Object(Closure))
#3 /home/roger/projects/ChassisPHP/src/Framework/Http/Middleware/SessionMiddleware.php(28): ChassisPHP\Framework\Http\MiddlewareQueue->ChassisPHP\Framework\Http\{closure}(Object(Zend\Diactoros\ServerRequest), Object(Zend\Diactoros\Response))
#4 [internal function]: ChassisPHP\Framework\Http\Middleware\SessionMiddleware->__invoke(Object(Zend\Diactoros\ServerRequest), Obje in /home/roger/projects/ChassisPHP/src/Framework/helpers.php:87
[2020-01-26 12:56:02] 1: Uncaught Error: Call to a member function getStatusCode() on null in /home/roger/projects/ChassisPHP/src/Framework/Core.php:86
Stack trace:
#0 /home/roger/projects/ChassisPHP-Skeleton/public/index.php(54): ChassisPHP\Framework\Core->run()
#1 {main}
  thrown in /home/roger/projects/ChassisPHP/src/Framework/Core.php:86
[2020-01-26 12:56:02] 1: Uncaught Error: Class 'ChassisPHP\Database\Connection' not found in /home/roger/projects/ChassisPHP-Skeleton/app/Http/Controllers/Backend/AuthController.php:21
Stack trace:
#0 [internal function]: App\Http\Controllers\Backend\AuthController->__construct()
#1 /home/roger/projects/ChassisPHP-Skeleton/vendor/league/container/src/Definition/Definition.php(248): ReflectionClass->newInstanceArgs(Array)
#2 /home/roger/projects/ChassisPHP-Skeleton/vendor/league/container/src/Definition/Definition.php(210): League\Container\Definition\Definition->resolveClass('App\\Http\\Contro...')
#3 /home/roger/projects/ChassisPHP-Skeleton/vendor/league/container/src/Definition/DefinitionAggregate.php(94): League\Container\Definition\Definition->resolve(false)
#4 /home/roger/projects/ChassisPHP-Skeleton/vendor/league/container/src/Container.php(153): League\Container\Definition\DefinitionAggregate->resolve('App\\Http\\Contro...', false)
#5 /home/roger/projects/ChassisPHP-Skeleton/vendor/league/container/src/Container.php(169): Leag in /home/roger/projects/ChassisPHP-Skeleton/app/Http/Controllers/Backend/AuthController.php:21
[2020-01-26 12:57:20] 1: Uncaught Error: Class 'ChassisPHP\Framework\Hash' not found in /home/roger/projects/ChassisPHP-Skeleton/app/Http/Controllers/Backend/AuthController.php:22
Stack trace:
#0 [internal function]: App\Http\Controllers\Backend\AuthController->__construct()
#1 /home/roger/projects/ChassisPHP-Skeleton/vendor/league/container/src/Definition/Definition.php(248): ReflectionClass->newInstanceArgs(Array)
#2 /home/roger/projects/ChassisPHP-Skeleton/vendor/league/container/src/Definition/Definition.php(210): League\Container\Definition\Definition->resolveClass('App\\Http\\Contro...')
#3 /home/roger/projects/ChassisPHP-Skeleton/vendor/league/container/src/Definition/DefinitionAggregate.php(94): League\Container\Definition\Definition->resolve(false)
#4 /home/roger/projects/ChassisPHP-Skeleton/vendor/league/container/src/Container.php(153): League\Container\Definition\DefinitionAggregate->resolve('App\\Http\\Contro...', false)
#5 /home/roger/projects/ChassisPHP-Skeleton/vendor/league/container/src/Container.php(169): League\Co in /home/roger/projects/ChassisPHP-Skeleton/app/Http/Controllers/Backend/AuthController.php:22
[2020-01-26 12:58:14] 1: Uncaught Error: Class 'ChassPHP\Framework\Http\Controller' not found in /home/roger/projects/ChassisPHP-Skeleton/app/Http/Controllers/Backend/UserController.php:13
Stack trace:
#0 /home/roger/projects/ChassisPHP-Skeleton/vendor/composer/ClassLoader.php(444): include()
#1 /home/roger/projects/ChassisPHP-Skeleton/vendor/composer/ClassLoader.php(322): Composer\Autoload\includeFile('/home/roger/pro...')
#2 [internal function]: Composer\Autoload\ClassLoader->loadClass('App\\Http\\Contro...')
#3 [internal function]: spl_autoload_call('App\\Http\\Contro...')
#4 /home/roger/projects/ChassisPHP-Skeleton/vendor/league/container/src/Definition/Definition.php(209): class_exists('App\\Http\\Contro...')
#5 /home/roger/projects/ChassisPHP-Skeleton/vendor/league/container/src/Definition/DefinitionAggregate.php(94): League\Container\Definition\Definition->resolve(false)
#6 /home/roger/projects/ChassisPHP-Skeleton/vendor/league/container/src/Container.php(153): League\Container\Definition\DefinitionAggregate->resolve('App\\Htt in /home/roger/projects/ChassisPHP-Skeleton/app/Http/Controllers/Backend/UserController.php:13
[2020-01-26 12:59:35] 1: Uncaught Error: Class 'ChassissPHP\Framework\Http\Controller' not found in /home/roger/projects/ChassisPHP-Skeleton/app/Http/Controllers/Backend/UserController.php:13
Stack trace:
#0 /home/roger/projects/ChassisPHP-Skeleton/vendor/composer/ClassLoader.php(444): include()
#1 /home/roger/projects/ChassisPHP-Skeleton/vendor/composer/ClassLoader.php(322): Composer\Autoload\includeFile('/home/roger/pro...')
#2 [internal function]: Composer\Autoload\ClassLoader->loadClass('App\\Http\\Contro...')
#3 [internal function]: spl_autoload_call('App\\Http\\Contro...')
#4 /home/roger/projects/ChassisPHP-Skeleton/vendor/league/container/src/Definition/Definition.php(209): class_exists('App\\Http\\Contro...')
#5 /home/roger/projects/ChassisPHP-Skeleton/vendor/league/container/src/Definition/DefinitionAggregate.php(94): League\Container\Definition\Definition->resolve(false)
#6 /home/roger/projects/ChassisPHP-Skeleton/vendor/league/container/src/Container.php(153): League\Container\Definition\DefinitionAggregate->resolve('App\\ in /home/roger/projects/ChassisPHP-Skeleton/app/Http/Controllers/Backend/UserController.php:13
[2020-01-26 13:01:09] 1: Uncaught Error: Class 'ChassisPHP\Database\Connection' not found in /home/roger/projects/ChassisPHP-Skeleton/app/Http/Controllers/Backend/UserController.php:23
Stack trace:
#0 [internal function]: App\Http\Controllers\Backend\UserController->__construct()
#1 /home/roger/projects/ChassisPHP-Skeleton/vendor/league/container/src/Definition/Definition.php(248): ReflectionClass->newInstanceArgs(Array)
#2 /home/roger/projects/ChassisPHP-Skeleton/vendor/league/container/src/Definition/Definition.php(210): League\Container\Definition\Definition->resolveClass('App\\Http\\Contro...')
#3 /home/roger/projects/ChassisPHP-Skeleton/vendor/league/container/src/Definition/DefinitionAggregate.php(94): League\Container\Definition\Definition->resolve(false)
#4 /home/roger/projects/ChassisPHP-Skeleton/vendor/league/container/src/Container.php(153): League\Container\Definition\DefinitionAggregate->resolve('App\\Http\\Contro...', false)
#5 /home/roger/projects/ChassisPHP-Skeleton/vendor/league/container/src/Container.php(169): Leag in /home/roger/projects/ChassisPHP-Skeleton/app/Http/Controllers/Backend/UserController.php:23
[2020-01-26 13:01:44] 1: Uncaught Error: Class 'ChassisPHP\Database\Connection' not found in /home/roger/projects/ChassisPHP-Skeleton/app/Http/Controllers/Backend/ImageController.php:24
Stack trace:
#0 [internal function]: App\Http\Controllers\Backend\ImageController->__construct()
#1 /home/roger/projects/ChassisPHP-Skeleton/vendor/league/container/src/Definition/Definition.php(248): ReflectionClass->newInstanceArgs(Array)
#2 /home/roger/projects/ChassisPHP-Skeleton/vendor/league/container/src/Definition/Definition.php(210): League\Container\Definition\Definition->resolveClass('App\\Http\\Contro...')
#3 /home/roger/projects/ChassisPHP-Skeleton/vendor/league/container/src/Definition/DefinitionAggregate.php(94): League\Container\Definition\Definition->resolve(false)
#4 /home/roger/projects/ChassisPHP-Skeleton/vendor/league/container/src/Container.php(153): League\Container\Definition\DefinitionAggregate->resolve('App\\Http\\Contro...', false)
#5 /home/roger/projects/ChassisPHP-Skeleton/vendor/league/container/src/Container.php(169): Le in /home/roger/projects/ChassisPHP-Skeleton/app/Http/Controllers/Backend/ImageController.php:24
[2020-01-26 13:02:24] 1: Uncaught PDOException: SQLSTATE[HY000]: General error: 1 no such column: t0.album_id in /home/roger/projects/ChassisPHP-Skeleton/vendor/doctrine/dbal/lib/Doctrine/DBAL/Driver/PDOConnection.php:75
Stack trace:
#0 /home/roger/projects/ChassisPHP-Skeleton/vendor/doctrine/dbal/lib/Doctrine/DBAL/Driver/PDOConnection.php(75): PDO->query('SELECT t0.id AS...')
#1 /home/roger/projects/ChassisPHP-Skeleton/vendor/doctrine/dbal/lib/Doctrine/DBAL/Connection.php(909): Doctrine\DBAL\Driver\PDOConnection->query('SELECT t0.id AS...')
#2 /home/roger/projects/ChassisPHP-Skeleton/vendor/doctrine/orm/lib/Doctrine/ORM/Persisters/Entity/BasicEntityPersister.php(889): Doctrine\DBAL\Connection->executeQuery('SELECT t0.id AS...', Array, Array)
#3 /home/roger/projects/ChassisPHP-Skeleton/vendor/doctrine/orm/lib/Doctrine/ORM/EntityRepository.php(184): Doctrine\ORM\Persisters\Entity\BasicEntityPersister->loadAll(Array, NULL, NULL, NULL)
#4 /home/roger/projects/ChassisPHP-Skeleton/vendor/doctrine/orm/lib/Doctrine/ORM/EntityRepository.php( in /home/roger/projects/ChassisPHP-Skeleton/vendor/doctrine/dbal/lib/Doctrine/DBAL/Driver/AbstractSQLiteDriver.php:70
[2020-01-26 13:03:27] 1: Uncaught PDOException: SQLSTATE[HY000]: General error: 1 no such column: t0.album_id in /home/roger/projects/ChassisPHP-Skeleton/vendor/doctrine/dbal/lib/Doctrine/DBAL/Driver/PDOConnection.php:75
Stack trace:
#0 /home/roger/projects/ChassisPHP-Skeleton/vendor/doctrine/dbal/lib/Doctrine/DBAL/Driver/PDOConnection.php(75): PDO->query('SELECT t0.id AS...')
#1 /home/roger/projects/ChassisPHP-Skeleton/vendor/doctrine/dbal/lib/Doctrine/DBAL/Connection.php(909): Doctrine\DBAL\Driver\PDOConnection->query('SELECT t0.id AS...')
#2 /home/roger/projects/ChassisPHP-Skeleton/vendor/doctrine/orm/lib/Doctrine/ORM/Persisters/Entity/BasicEntityPersister.php(889): Doctrine\DBAL\Connection->executeQuery('SELECT t0.id AS...', Array, Array)
#3 /home/roger/projects/ChassisPHP-Skeleton/vendor/doctrine/orm/lib/Doctrine/ORM/EntityRepository.php(184): Doctrine\ORM\Persisters\Entity\BasicEntityPersister->loadAll(Array, NULL, NULL, NULL)
#4 /home/roger/projects/ChassisPHP-Skeleton/vendor/doctrine/orm/lib/Doctrine/ORM/EntityRepository.php( in /home/roger/projects/ChassisPHP-Skeleton/vendor/doctrine/dbal/lib/Doctrine/DBAL/Driver/AbstractSQLiteDriver.php:70
[2020-01-26 13:06:01] 1: Uncaught Error: Call to a member function index() on string in /home/roger/projects/ChassisPHP/src/Framework/Router.php:77
Stack trace:
#0 /home/roger/projects/ChassisPHP/src/Framework/Core.php(84): ChassisPHP\Framework\Router->dispatch(Object(Zend\Diactoros\ServerRequest), Object(Closure), Object(ChassisPHP\Framework\Container))
#1 /home/roger/projects/ChassisPHP-Skeleton/public/index.php(54): ChassisPHP\Framework\Core->run()
#2 {main}
  thrown in /home/roger/projects/ChassisPHP/src/Framework/Router.php:77
[2020-01-26 13:06:19] 1: Uncaught Error: Call to a member function index() on string in /home/roger/projects/ChassisPHP/src/Framework/Router.php:77
Stack trace:
#0 /home/roger/projects/ChassisPHP/src/Framework/Core.php(84): ChassisPHP\Framework\Router->dispatch(Object(Zend\Diactoros\ServerRequest), Object(Closure), Object(ChassisPHP\Framework\Container))
#1 /home/roger/projects/ChassisPHP-Skeleton/public/index.php(54): ChassisPHP\Framework\Core->run()
#2 {main}
  thrown in /home/roger/projects/ChassisPHP/src/Framework/Router.php:77
[2020-01-26 13:07:52] 1: Uncaught Error: Class 'Lib\Framework\Http\Controller' not found in /home/roger/projects/ChassisPHP-Skeleton/app/Http/Controllers/Backend/AlbumController.php:13
Stack trace:
#0 /home/roger/projects/ChassisPHP-Skeleton/vendor/composer/ClassLoader.php(444): include()
#1 /home/roger/projects/ChassisPHP-Skeleton/vendor/composer/ClassLoader.php(322): Composer\Autoload\includeFile('/home/roger/pro...')
#2 [internal function]: Composer\Autoload\ClassLoader->loadClass('App\\Http\\Contro...')
#3 [internal function]: spl_autoload_call('App\\Http\\Contro...')
#4 /home/roger/projects/ChassisPHP-Skeleton/vendor/league/container/src/Definition/Definition.php(209): class_exists('App\\Http\\Contro...')
#5 /home/roger/projects/ChassisPHP-Skeleton/vendor/league/container/src/Definition/DefinitionAggregate.php(94): League\Container\Definition\Definition->resolve(false)
#6 /home/roger/projects/ChassisPHP-Skeleton/vendor/league/container/src/Container.php(153): League\Container\Definition\DefinitionAggregate->resolve('App\\Http\\C in /home/roger/projects/ChassisPHP-Skeleton/app/Http/Controllers/Backend/AlbumController.php:13
[2020-01-26 13:41:14] 1: Uncaught Error: Call to a member function getStatusCode() on null in /home/roger/projects/ChassisPHP/src/Framework/Core.php:86
Stack trace:
#0 /home/roger/projects/ChassisPHP-Skeleton/public/index.php(54): ChassisPHP\Framework\Core->run()
#1 {main}
  thrown in /home/roger/projects/ChassisPHP/src/Framework/Core.php:86
[2020-01-26 21:25:28] 1: Uncaught Error: Call to a member function getStatusCode() on null in /home/roger/projects/ChassisPHP/src/Framework/Core.php:86
Stack trace:
#0 /home/roger/projects/ChassisPHP-Skeleton/public/index.php(54): ChassisPHP\Framework\Core->run()
#1 {main}
  thrown in /home/roger/projects/ChassisPHP/src/Framework/Core.php:86
[2020-01-26 21:28:37] 1: Uncaught PDOException: SQLSTATE[HY000] [14] unable to open database file in /home/roger/projects/ChassisPHP-Skeleton/vendor/doctrine/dbal/lib/Doctrine/DBAL/Driver/PDOConnection.php:27
Stack trace:
#0 /home/roger/projects/ChassisPHP-Skeleton/vendor/doctrine/dbal/lib/Doctrine/DBAL/Driver/PDOConnection.php(27): PDO->__construct('sqlite:/home/ro...', '', '', Array)
#1 /home/roger/projects/ChassisPHP-Skeleton/vendor/doctrine/dbal/lib/Doctrine/DBAL/Driver/PDOSqlite/Driver.php(39): Doctrine\DBAL\Driver\PDOConnection->__construct('sqlite:/home/ro...', NULL, NULL, Array)
#2 /home/roger/projects/ChassisPHP-Skeleton/vendor/doctrine/dbal/lib/Doctrine/DBAL/Connection.php(362): Doctrine\DBAL\Driver\PDOSqlite\Driver->connect(Array, NULL, NULL, Array)
#3 /home/roger/projects/ChassisPHP-Skeleton/vendor/doctrine/dbal/lib/Doctrine/DBAL/Connection.php(1443): Doctrine\DBAL\Connection->connect()
#4 /home/roger/projects/ChassisPHP-Skeleton/vendor/doctrine/dbal/lib/Doctrine/DBAL/Connection.php(890): Doctrine\DBAL\Connection->getWrap in /home/roger/projects/ChassisPHP-Skeleton/vendor/doctrine/dbal/lib/Doctrine/DBAL/Driver/AbstractSQLiteDriver.php:67
[2020-01-26 21:29:29] 1: Uncaught PDOException: SQLSTATE[HY000] [14] unable to open database file in /home/roger/projects/ChassisPHP-Skeleton/vendor/doctrine/dbal/lib/Doctrine/DBAL/Driver/PDOConnection.php:27
Stack trace:
#0 /home/roger/projects/ChassisPHP-Skeleton/vendor/doctrine/dbal/lib/Doctrine/DBAL/Driver/PDOConnection.php(27): PDO->__construct('sqlite:/home/ro...', '', '', Array)
#1 /home/roger/projects/ChassisPHP-Skeleton/vendor/doctrine/dbal/lib/Doctrine/DBAL/Driver/PDOSqlite/Driver.php(39): Doctrine\DBAL\Driver\PDOConnection->__construct('sqlite:/home/ro...', NULL, NULL, Array)
#2 /home/roger/projects/ChassisPHP-Skeleton/vendor/doctrine/dbal/lib/Doctrine/DBAL/Connection.php(362): Doctrine\DBAL\Driver\PDOSqlite\Driver->connect(Array, NULL, NULL, Array)
#3 /home/roger/projects/ChassisPHP-Skeleton/vendor/doctrine/dbal/lib/Doctrine/DBAL/Connection.php(1443): Doctrine\DBAL\Connection->connect()
#4 /home/roger/projects/ChassisPHP-Skeleton/vendor/doctrine/dbal/lib/Doctrine/DBAL/Connection.php(890): Doctrine\DBAL\Connection->getWrap in /home/roger/projects/ChassisPHP-Skeleton/vendor/doctrine/dbal/lib/Doctrine/DBAL/Driver/AbstractSQLiteDriver.php:67
[2020-01-26 22:36:16] 1: Uncaught Twig\Error\LoaderError: The "/resources/views" directory does not exist ("/resources/views"). in /home/roger/projects/ChassisPHP-Skeleton/vendor/twig/twig/src/Loader/FilesystemLoader.php:106
Stack trace:
#0 /home/roger/projects/ChassisPHP-Skeleton/vendor/twig/twig/src/Loader/FilesystemLoader.php(87): Twig\Loader\FilesystemLoader->addPath('/resources/view...', '__main__')
#1 /home/roger/projects/ChassisPHP-Skeleton/vendor/twig/twig/src/Loader/FilesystemLoader.php(45): Twig\Loader\FilesystemLoader->setPaths(Array)
#2 /home/roger/projects/ChassisPHP/src/Framework/Container.php(79): Twig\Loader\FilesystemLoader->__construct('/resources/view...')
#3 [internal function]: ChassisPHP\Framework\Container->ChassisPHP\Framework\{closure}()
#4 /home/roger/projects/ChassisPHP-Skeleton/vendor/league/container/src/Definition/Definition.php(233): call_user_func_array(Object(Closure), Array)
#5 /home/roger/projects/ChassisPHP-Skeleton/vendor/league/container/src/Definition/Definition.php(196): League\Container\Defini in /home/roger/projects/ChassisPHP-Skeleton/vendor/twig/twig/src/Loader/FilesystemLoader.php:106
[2020-01-26 22:37:40] 1: Uncaught League\Container\Exception\NotFoundException: Alias (baseDir) is not being managed by the container or delegates in /home/roger/projects/ChassisPHP-Skeleton/vendor/league/container/src/Container.php:179
Stack trace:
#0 /home/roger/projects/ChassisPHP/src/Framework/Container.php(79): League\Container\Container->get('baseDir')
#1 [internal function]: ChassisPHP\Framework\Container->ChassisPHP\Framework\{closure}()
#2 /home/roger/projects/ChassisPHP-Skeleton/vendor/league/container/src/Definition/Definition.php(233): call_user_func_array(Object(Closure), Array)
#3 /home/roger/projects/ChassisPHP-Skeleton/vendor/league/container/src/Definition/Definition.php(196): League\Container\Definition\Definition->resolveCallable(Object(Closure))
#4 /home/roger/projects/ChassisPHP-Skeleton/vendor/league/container/src/Definition/DefinitionAggregate.php(94): League\Container\Definition\Definition->resolve(false)
#5 /home/roger/projects/ChassisPHP-Skeleton/vendor/league/container/src/Container.php(153): League\Contain in /home/roger/projects/ChassisPHP-Skeleton/vendor/league/container/src/Container.php:179
[2020-01-26 22:38:11] 1: Uncaught Twig\Error\LoaderError: The "/resources/views" directory does not exist ("/resources/views"). in /home/roger/projects/ChassisPHP-Skeleton/vendor/twig/twig/src/Loader/FilesystemLoader.php:106
Stack trace:
#0 /home/roger/projects/ChassisPHP-Skeleton/vendor/twig/twig/src/Loader/FilesystemLoader.php(87): Twig\Loader\FilesystemLoader->addPath('/resources/view...', '__main__')
#1 /home/roger/projects/ChassisPHP-Skeleton/vendor/twig/twig/src/Loader/FilesystemLoader.php(45): Twig\Loader\FilesystemLoader->setPaths(Array)
#2 /home/roger/projects/ChassisPHP/src/Framework/Container.php(79): Twig\Loader\FilesystemLoader->__construct('/resources/view...')
#3 [internal function]: ChassisPHP\Framework\Container->ChassisPHP\Framework\{closure}()
#4 /home/roger/projects/ChassisPHP-Skeleton/vendor/league/container/src/Definition/Definition.php(233): call_user_func_array(Object(Closure), Array)
#5 /home/roger/projects/ChassisPHP-Skeleton/vendor/league/container/src/Definition/Definition.php(196): League\Container\Defini in /home/roger/projects/ChassisPHP-Skeleton/vendor/twig/twig/src/Loader/FilesystemLoader.php:106
[2020-01-26 22:39:55] 1: Uncaught Twig\Error\LoaderError: The "/resources/views" directory does not exist ("/resources/views"). in /home/roger/projects/ChassisPHP-Skeleton/vendor/twig/twig/src/Loader/FilesystemLoader.php:106
Stack trace:
#0 /home/roger/projects/ChassisPHP-Skeleton/vendor/twig/twig/src/Loader/FilesystemLoader.php(87): Twig\Loader\FilesystemLoader->addPath('/resources/view...', '__main__')
#1 /home/roger/projects/ChassisPHP-Skeleton/vendor/twig/twig/src/Loader/FilesystemLoader.php(45): Twig\Loader\FilesystemLoader->setPaths(Array)
#2 /home/roger/projects/ChassisPHP/src/Framework/Container.php(79): Twig\Loader\FilesystemLoader->__construct('/resources/view...')
#3 [internal function]: ChassisPHP\Framework\Container->ChassisPHP\Framework\{closure}()
#4 /home/roger/projects/ChassisPHP-Skeleton/vendor/league/container/src/Definition/Definition.php(233): call_user_func_array(Object(Closure), Array)
#5 /home/roger/projects/ChassisPHP-Skeleton/vendor/league/container/src/Definition/Definition.php(196): League\Container\Defini in /home/roger/projects/ChassisPHP-Skeleton/vendor/twig/twig/src/Loader/FilesystemLoader.php:106
[2020-01-26 22:44:16] 1: Uncaught ArgumentCountError: Too few arguments to function ChassisPHP\Framework\Container::ChassisPHP\Framework\{closure}(), 0 passed and exactly 1 expected in /home/roger/projects/ChassisPHP/src/Framework/Container.php:56
Stack trace:
#0 [internal function]: ChassisPHP\Framework\Container->ChassisPHP\Framework\{closure}()
#1 /home/roger/projects/ChassisPHP-Skeleton/vendor/league/container/src/Definition/Definition.php(233): call_user_func_array(Object(Closure), Array)
#2 /home/roger/projects/ChassisPHP-Skeleton/vendor/league/container/src/Definition/Definition.php(196): League\Container\Definition\Definition->resolveCallable(Object(Closure))
#3 /home/roger/projects/ChassisPHP-Skeleton/vendor/league/container/src/Definition/DefinitionAggregate.php(94): League\Container\Definition\Definition->resolve(false)
#4 /home/roger/projects/ChassisPHP-Skeleton/vendor/league/container/src/Container.php(153): League\Container\Definition\DefinitionAggregate->resolve('BaseDir', false)
#5 /home/roger/projects/ChassisPHP/src/ in /home/roger/projects/ChassisPHP/src/Framework/Container.php:56
[2020-01-26 22:49:45] 1: Uncaught League\Container\Exception\NotFoundException: Alias (BaseDir) is not being managed by the container or delegates in /home/roger/projects/ChassisPHP-Skeleton/vendor/league/container/src/Container.php:179
Stack trace:
#0 /home/roger/projects/ChassisPHP/src/Framework/Container.php(106): League\Container\Container->get('BaseDir')
#1 /home/roger/projects/ChassisPHP/src/Framework/Container.php(38): ChassisPHP\Framework\Container->addDevServiceProviders()
#2 /home/roger/projects/ChassisPHP/src/Framework/Core.php(24): ChassisPHP\Framework\Container->__construct('/home/roger/pro...')
#3 /home/roger/projects/ChassisPHP-Skeleton/public/index.php(53): ChassisPHP\Framework\Core->__construct('/home/roger/pro...')
#4 {main}
  thrown in /home/roger/projects/ChassisPHP-Skeleton/vendor/league/container/src/Container.php:179
[2020-01-26 23:00:24] 1: Uncaught ArgumentCountError: Too few arguments to function CHassisPHP\Framework\Connection::__construct(), 0 passed in /home/roger/projects/ChassisPHP-Skeleton/app/Http/Controllers/Backend/AuthController.php on line 21 and exactly 1 expected in /home/roger/projects/ChassisPHP/src/Framework/Connection.php:18
Stack trace:
#0 /home/roger/projects/ChassisPHP-Skeleton/app/Http/Controllers/Backend/AuthController.php(21): CHassisPHP\Framework\Connection->__construct()
#1 [internal function]: App\Http\Controllers\Backend\AuthController->__construct()
#2 /home/roger/projects/ChassisPHP-Skeleton/vendor/league/container/src/Definition/Definition.php(248): ReflectionClass->newInstanceArgs(Array)
#3 /home/roger/projects/ChassisPHP-Skeleton/vendor/league/container/src/Definition/Definition.php(210): League\Container\Definition\Definition->resolveClass('App\\Http\\Contro...')
#4 /home/roger/projects/ChassisPHP-Skeleton/vendor/league/container/src/Definition/DefinitionAggregate.php(94): League\Container\Definition\Definition in /home/roger/projects/ChassisPHP/src/Framework/Connection.php:18
[2020-01-26 23:02:44] 1: Uncaught ArgumentCountError: Too few arguments to function CHassisPHP\Framework\Connection::__construct(), 0 passed in /home/roger/projects/ChassisPHP-Skeleton/app/Http/Controllers/Backend/AuthController.php on line 21 and exactly 1 expected in /home/roger/projects/ChassisPHP/src/Framework/Connection.php:18
Stack trace:
#0 /home/roger/projects/ChassisPHP-Skeleton/app/Http/Controllers/Backend/AuthController.php(21): CHassisPHP\Framework\Connection->__construct()
#1 [internal function]: App\Http\Controllers\Backend\AuthController->__construct()
#2 /home/roger/projects/ChassisPHP-Skeleton/vendor/league/container/src/Definition/Definition.php(248): ReflectionClass->newInstanceArgs(Array)
#3 /home/roger/projects/ChassisPHP-Skeleton/vendor/league/container/src/Definition/Definition.php(210): League\Container\Definition\Definition->resolveClass('App\\Http\\Contro...')
#4 /home/roger/projects/ChassisPHP-Skeleton/vendor/league/container/src/Definition/DefinitionAggregate.php(94): League\Container\Definition\Definition in /home/roger/projects/ChassisPHP/src/Framework/Connection.php:18
[2020-01-27 09:56:48] 1: Uncaught Error: Class 'ChassisPHP\Connection' not found in /home/roger/projects/ChassisPHP/src/Framework/Container.php:67
Stack trace:
#0 [internal function]: ChassisPHP\Framework\Container->ChassisPHP\Framework\{closure}()
#1 /home/roger/projects/ChassisPHP-Skeleton/vendor/league/container/src/Definition/Definition.php(233): call_user_func_array(Object(Closure), Array)
#2 /home/roger/projects/ChassisPHP-Skeleton/vendor/league/container/src/Definition/Definition.php(196): League\Container\Definition\Definition->resolveCallable(Object(Closure))
#3 /home/roger/projects/ChassisPHP-Skeleton/vendor/league/container/src/Definition/DefinitionAggregate.php(94): League\Container\Definition\Definition->resolve(false)
#4 /home/roger/projects/ChassisPHP-Skeleton/vendor/league/container/src/Container.php(153): League\Container\Definition\DefinitionAggregate->resolve('Connection', false)
#5 /home/roger/projects/ChassisPHP/src/Framework/ServiceProviders/ControllerServiceProvider.php(106): League\Container\Container->get('Co in /home/roger/projects/ChassisPHP/src/Framework/Container.php:67
[2020-01-27 09:59:28] 1: Uncaught Error: Call to a member function getRepository() on null in /home/roger/projects/ChassisPHP-Skeleton/app/Http/Controllers/Backend/AuthController.php:183
Stack trace:
#0 /home/roger/projects/ChassisPHP/src/Framework/Router.php(77): App\Http\Controllers\Backend\AuthController->store(Array)
#1 /home/roger/projects/ChassisPHP/src/Framework/Core.php(84): ChassisPHP\Framework\Router->dispatch(Object(Zend\Diactoros\ServerRequest), Object(Closure), Object(ChassisPHP\Framework\Container))
#2 /home/roger/projects/ChassisPHP-Skeleton/public/index.php(55): ChassisPHP\Framework\Core->run()
#3 {main}
  thrown in /home/roger/projects/ChassisPHP-Skeleton/app/Http/Controllers/Backend/AuthController.php:183
[2020-01-27 10:01:27] 1: Uncaught Error: Call to a member function getRepository() on null in /home/roger/projects/ChassisPHP-Skeleton/app/Http/Controllers/Backend/AuthController.php:183
Stack trace:
#0 /home/roger/projects/ChassisPHP/src/Framework/Router.php(77): App\Http\Controllers\Backend\AuthController->store(Array)
#1 /home/roger/projects/ChassisPHP/src/Framework/Core.php(84): ChassisPHP\Framework\Router->dispatch(Object(Zend\Diactoros\ServerRequest), Object(Closure), Object(ChassisPHP\Framework\Container))
#2 /home/roger/projects/ChassisPHP-Skeleton/public/index.php(55): ChassisPHP\Framework\Core->run()
#3 {main}
  thrown in /home/roger/projects/ChassisPHP-Skeleton/app/Http/Controllers/Backend/AuthController.php:183
[2020-01-27 10:07:23] 1: Uncaught Error: Call to a member function getRepository() on null in /home/roger/projects/ChassisPHP-Skeleton/app/Http/Controllers/Backend/AuthController.php:183
Stack trace:
#0 /home/roger/projects/ChassisPHP/src/Framework/Router.php(77): App\Http\Controllers\Backend\AuthController->store(Array)
#1 /home/roger/projects/ChassisPHP/src/Framework/Core.php(84): ChassisPHP\Framework\Router->dispatch(Object(Zend\Diactoros\ServerRequest), Object(Closure), Object(ChassisPHP\Framework\Container))
#2 /home/roger/projects/ChassisPHP-Skeleton/public/index.php(55): ChassisPHP\Framework\Core->run()
#3 {main}
  thrown in /home/roger/projects/ChassisPHP-Skeleton/app/Http/Controllers/Backend/AuthController.php:183
[2020-01-27 10:33:06] 1: Uncaught Error: Call to a member function getContainer() on null in /home/roger/projects/ChassisPHP/src/Framework/ServiceProviders/ControllerServiceProvider.php:17
Stack trace:
#0 [internal function]: ChassisPHP\Framework\ServiceProviders\ControllerServiceProvider->__construct()
#1 /home/roger/projects/ChassisPHP-Skeleton/vendor/league/container/src/ReflectionContainer.php(49): ReflectionClass->newInstanceArgs(Array)
#2 /home/roger/projects/ChassisPHP-Skeleton/vendor/league/container/src/Container.php(174): League\Container\ReflectionContainer->get('ChassisPHP\\Fram...')
#3 /home/roger/projects/ChassisPHP-Skeleton/vendor/league/container/src/ServiceProvider/ServiceProviderAggregate.php(29): League\Container\Container->get('ChassisPHP\\Fram...')
#4 /home/roger/projects/ChassisPHP-Skeleton/vendor/league/container/src/Container.php(142): League\Container\ServiceProvider\ServiceProviderAggregate->add('ChassisPHP\\Fram...')
#5 /home/roger/projects/ChassisPHP/src/Framework/Container.php(35): League\Container\Contai in /home/roger/projects/ChassisPHP/src/Framework/ServiceProviders/ControllerServiceProvider.php:17
[2020-01-27 10:33:38] 1: Uncaught League\Container\Exception\ContainerException: No container implementation has been set. in /home/roger/projects/ChassisPHP-Skeleton/vendor/league/container/src/ContainerAwareTrait.php:40
Stack trace:
#0 /home/roger/projects/ChassisPHP/src/Framework/ServiceProviders/ControllerServiceProvider.php(17): League\Container\ServiceProvider\AbstractServiceProvider->getContainer()
#1 [internal function]: ChassisPHP\Framework\ServiceProviders\ControllerServiceProvider->__construct()
#2 /home/roger/projects/ChassisPHP-Skeleton/vendor/league/container/src/ReflectionContainer.php(49): ReflectionClass->newInstanceArgs(Array)
#3 /home/roger/projects/ChassisPHP-Skeleton/vendor/league/container/src/Container.php(174): League\Container\ReflectionContainer->get('ChassisPHP\\Fram...')
#4 /home/roger/projects/ChassisPHP-Skeleton/vendor/league/container/src/ServiceProvider/ServiceProviderAggregate.php(29): League\Container\Container->get('ChassisPHP\\Fram...')
#5 /home/roger/projects/ChassisPHP-Skeleton/vendor/league/cont in /home/roger/projects/ChassisPHP-Skeleton/vendor/league/container/src/ContainerAwareTrait.php:40
[2020-01-27 10:35:04] 1: Uncaught League\Container\Exception\ContainerException: No container implementation has been set. in /home/roger/projects/ChassisPHP-Skeleton/vendor/league/container/src/ContainerAwareTrait.php:40
Stack trace:
#0 /home/roger/projects/ChassisPHP/src/Framework/ServiceProviders/ControllerServiceProvider.php(21): League\Container\ServiceProvider\AbstractServiceProvider->getContainer()
#1 [internal function]: ChassisPHP\Framework\ServiceProviders\ControllerServiceProvider->__construct()
#2 /home/roger/projects/ChassisPHP-Skeleton/vendor/league/container/src/ReflectionContainer.php(49): ReflectionClass->newInstanceArgs(Array)
#3 /home/roger/projects/ChassisPHP-Skeleton/vendor/league/container/src/Container.php(174): League\Container\ReflectionContainer->get('ChassisPHP\\Fram...')
#4 /home/roger/projects/ChassisPHP-Skeleton/vendor/league/container/src/ServiceProvider/ServiceProviderAggregate.php(29): League\Container\Container->get('ChassisPHP\\Fram...')
#5 /home/roger/projects/ChassisPHP-Skeleton/vendor/league/cont in /home/roger/projects/ChassisPHP-Skeleton/vendor/league/container/src/ContainerAwareTrait.php:40
[2020-01-27 10:37:00] 1: Uncaught League\Container\Exception\ContainerException: No container implementation has been set. in /home/roger/projects/ChassisPHP-Skeleton/vendor/league/container/src/ContainerAwareTrait.php:40
Stack trace:
#0 /home/roger/projects/ChassisPHP/src/Framework/ServiceProviders/ControllerServiceProvider.php(35): League\Container\ServiceProvider\AbstractServiceProvider->getContainer()
#1 /home/roger/projects/ChassisPHP/src/Framework/ServiceProviders/ControllerServiceProvider.php(20): ChassisPHP\Framework\ServiceProviders\ControllerServiceProvider->readInControllers()
#2 [internal function]: ChassisPHP\Framework\ServiceProviders\ControllerServiceProvider->__construct()
#3 /home/roger/projects/ChassisPHP-Skeleton/vendor/league/container/src/ReflectionContainer.php(49): ReflectionClass->newInstanceArgs(Array)
#4 /home/roger/projects/ChassisPHP-Skeleton/vendor/league/container/src/Container.php(174): League\Container\ReflectionContainer->get('ChassisPHP\\Fram...')
#5 /home/roger/projects/ChassisPHP-Skeleton/vendor/le in /home/roger/projects/ChassisPHP-Skeleton/vendor/league/container/src/ContainerAwareTrait.php:40
[2020-01-28 09:42:19] 1: Uncaught Error: Call to a member function getRepository() on null in /home/roger/projects/ChassisPHP-Skeleton/app/Http/Controllers/Backend/AuthController.php:183
Stack trace:
#0 /home/roger/projects/ChassisPHP/src/Framework/Router.php(77): App\Http\Controllers\Backend\AuthController->store(Array)
#1 /home/roger/projects/ChassisPHP/src/Framework/Core.php(84): ChassisPHP\Framework\Router->dispatch(Object(Zend\Diactoros\ServerRequest), Object(Closure), Object(ChassisPHP\Framework\Container))
#2 /home/roger/projects/ChassisPHP-Skeleton/public/index.php(58): ChassisPHP\Framework\Core->run()
#3 {main}
  thrown in /home/roger/projects/ChassisPHP-Skeleton/app/Http/Controllers/Backend/AuthController.php:183
[2020-01-28 09:53:26] 1: Uncaught ArgumentCountError: Too few arguments to function App\Http\Controllers\Backend\AuthController::__construct(), 0 passed and exactly 1 expected in /home/roger/projects/ChassisPHP-Skeleton/app/Http/Controllers/Backend/AuthController.php:17
Stack trace:
#0 [internal function]: App\Http\Controllers\Backend\AuthController->__construct()
#1 /home/roger/projects/ChassisPHP-Skeleton/vendor/league/container/src/Definition/Definition.php(248): ReflectionClass->newInstanceArgs(Array)
#2 /home/roger/projects/ChassisPHP-Skeleton/vendor/league/container/src/Definition/Definition.php(210): League\Container\Definition\Definition->resolveClass('App\\Http\\Contro...')
#3 /home/roger/projects/ChassisPHP-Skeleton/vendor/league/container/src/Definition/DefinitionAggregate.php(94): League\Container\Definition\Definition->resolve(false)
#4 /home/roger/projects/ChassisPHP-Skeleton/vendor/league/container/src/Container.php(153): League\Container\Definition\DefinitionAggregate->resolve('App\\Http\\Contro...', false)
#5 /home/r in /home/roger/projects/ChassisPHP-Skeleton/app/Http/Controllers/Backend/AuthController.php:17
[2020-01-28 09:59:06] 1: Uncaught League\Container\Exception\NotFoundException: Alias (Connection) is not being managed by the container or delegates in /home/roger/projects/ChassisPHP-Skeleton/vendor/league/container/src/Container.php:179
Stack trace:
#0 /home/roger/projects/ChassisPHP/src/Framework/ServiceProviders/ControllerServiceProvider.php(106): League\Container\Container->get('Connection')
#1 /home/roger/projects/ChassisPHP/src/Framework/ServiceProviders/ControllerServiceProvider.php(28): ChassisPHP\Framework\ServiceProviders\ControllerServiceProvider->registerControllers()
#2 /home/roger/projects/ChassisPHP-Skeleton/vendor/league/container/src/ServiceProvider/ServiceProviderAggregate.php(97): ChassisPHP\Framework\ServiceProviders\ControllerServiceProvider->register()
#3 /home/roger/projects/ChassisPHP-Skeleton/vendor/league/container/src/Container.php(168): League\Container\ServiceProvider\ServiceProviderAggregate->register('App\\Http\\Contro...')
#4 /home/roger/projects/ChassisPHP/src/Framework/Router.php(76): League\Contai in /home/roger/projects/ChassisPHP-Skeleton/vendor/league/container/src/Container.php:179
[2020-01-28 10:00:45] 1: Uncaught ArgumentCountError: Too few arguments to function App\Http\Controllers\Backend\AuthController::__construct(), 0 passed and exactly 1 expected in /home/roger/projects/ChassisPHP-Skeleton/app/Http/Controllers/Backend/AuthController.php:17
Stack trace:
#0 [internal function]: App\Http\Controllers\Backend\AuthController->__construct()
#1 /home/roger/projects/ChassisPHP-Skeleton/vendor/league/container/src/Definition/Definition.php(248): ReflectionClass->newInstanceArgs(Array)
#2 /home/roger/projects/ChassisPHP-Skeleton/vendor/league/container/src/Definition/Definition.php(210): League\Container\Definition\Definition->resolveClass('App\\Http\\Contro...')
#3 /home/roger/projects/ChassisPHP-Skeleton/vendor/league/container/src/Definition/DefinitionAggregate.php(94): League\Container\Definition\Definition->resolve(false)
#4 /home/roger/projects/ChassisPHP-Skeleton/vendor/league/container/src/Container.php(153): League\Container\Definition\DefinitionAggregate->resolve('App\\Http\\Contro...', false)
#5 /home/r in /home/roger/projects/ChassisPHP-Skeleton/app/Http/Controllers/Backend/AuthController.php:17
[2020-01-28 10:05:40] 1: Uncaught ArgumentCountError: Too few arguments to function App\Http\Controllers\Backend\AuthController::__construct(), 0 passed and exactly 1 expected in /home/roger/projects/ChassisPHP-Skeleton/app/Http/Controllers/Backend/AuthController.php:17
Stack trace:
#0 [internal function]: App\Http\Controllers\Backend\AuthController->__construct()
#1 /home/roger/projects/ChassisPHP-Skeleton/vendor/league/container/src/Definition/Definition.php(248): ReflectionClass->newInstanceArgs(Array)
#2 /home/roger/projects/ChassisPHP-Skeleton/vendor/league/container/src/Definition/Definition.php(210): League\Container\Definition\Definition->resolveClass('App\\Http\\Contro...')
#3 /home/roger/projects/ChassisPHP-Skeleton/vendor/league/container/src/Definition/DefinitionAggregate.php(94): League\Container\Definition\Definition->resolve(false)
#4 /home/roger/projects/ChassisPHP-Skeleton/vendor/league/container/src/Container.php(153): League\Container\Definition\DefinitionAggregate->resolve('App\\Http\\Contro...', false)
#5 /home/r in /home/roger/projects/ChassisPHP-Skeleton/app/Http/Controllers/Backend/AuthController.php:17
[2020-01-28 10:11:29] 1: Uncaught ArgumentCountError: Too few arguments to function App\Http\Controllers\Backend\AuthController::__construct(), 0 passed and exactly 1 expected in /home/roger/projects/ChassisPHP-Skeleton/app/Http/Controllers/Backend/AuthController.php:17
Stack trace:
#0 [internal function]: App\Http\Controllers\Backend\AuthController->__construct()
#1 /home/roger/projects/ChassisPHP-Skeleton/vendor/league/container/src/Definition/Definition.php(248): ReflectionClass->newInstanceArgs(Array)
#2 /home/roger/projects/ChassisPHP-Skeleton/vendor/league/container/src/Definition/Definition.php(210): League\Container\Definition\Definition->resolveClass('App\\Http\\Contro...')
#3 /home/roger/projects/ChassisPHP-Skeleton/vendor/league/container/src/Definition/DefinitionAggregate.php(94): League\Container\Definition\Definition->resolve(false)
#4 /home/roger/projects/ChassisPHP-Skeleton/vendor/league/container/src/Container.php(153): League\Container\Definition\DefinitionAggregate->resolve('App\\Http\\Contro...', false)
#5 /home/r in /home/roger/projects/ChassisPHP-Skeleton/app/Http/Controllers/Backend/AuthController.php:17
[2020-01-28 10:18:28] 1: Uncaught ArgumentCountError: Too few arguments to function App\Http\Controllers\Backend\AuthController::__construct(), 0 passed and exactly 1 expected in /home/roger/projects/ChassisPHP-Skeleton/app/Http/Controllers/Backend/AuthController.php:17
Stack trace:
#0 [internal function]: App\Http\Controllers\Backend\AuthController->__construct()
#1 /home/roger/projects/ChassisPHP-Skeleton/vendor/league/container/src/Definition/Definition.php(248): ReflectionClass->newInstanceArgs(Array)
#2 /home/roger/projects/ChassisPHP-Skeleton/vendor/league/container/src/Definition/Definition.php(210): League\Container\Definition\Definition->resolveClass('App\\Http\\Contro...')
#3 /home/roger/projects/ChassisPHP-Skeleton/vendor/league/container/src/Definition/DefinitionAggregate.php(94): League\Container\Definition\Definition->resolve(false)
#4 /home/roger/projects/ChassisPHP-Skeleton/vendor/league/container/src/Container.php(153): League\Container\Definition\DefinitionAggregate->resolve('App\\Http\\Contro...', false)
#5 /home/r in /home/roger/projects/ChassisPHP-Skeleton/app/Http/Controllers/Backend/AuthController.php:17
[2020-01-28 10:42:56] 1: Uncaught Error: Class 'ChassisPHP\Database\Connection' not found in /home/roger/projects/ChassisPHP-Skeleton/app/Http/Controllers/AboutController.php:14
Stack trace:
#0 [internal function]: App\Http\Controllers\AboutController->__construct()
#1 /home/roger/projects/ChassisPHP-Skeleton/vendor/league/container/src/Definition/Definition.php(248): ReflectionClass->newInstanceArgs(Array)
#2 /home/roger/projects/ChassisPHP-Skeleton/vendor/league/container/src/Definition/Definition.php(210): League\Container\Definition\Definition->resolveClass('App\\Http\\Contro...')
#3 /home/roger/projects/ChassisPHP-Skeleton/vendor/league/container/src/Definition/DefinitionAggregate.php(94): League\Container\Definition\Definition->resolve(false)
#4 /home/roger/projects/ChassisPHP-Skeleton/vendor/league/container/src/Container.php(153): League\Container\Definition\DefinitionAggregate->resolve('App\\Http\\Contro...', false)
#5 /home/roger/projects/ChassisPHP-Skeleton/vendor/league/container/src/Container.php(169): League\Container\C in /home/roger/projects/ChassisPHP-Skeleton/app/Http/Controllers/AboutController.php:14
